[0.077s] Invoking command in '/root/ros2_frws/build/xarm_planner': AMENT_PREFIX_PATH=/root/ros2_frws/install/xarm_moveit_config:/root/ros2_frws/install/xarm_gazebo:/root/ros2_frws/install/xarm_controller:/root/ros2_frws/install/xarm_api:/root/ros2_frws/install/xarm_sdk:/root/ros2_frws/install/xarm_msgs:/root/ros2_frws/install/xarm_description:${AMENT_PREFIX_PATH} CMAKE_PREFIX_PATH=/root/ros2_frws/install/xarm_moveit_config:/root/ros2_frws/install/xarm_gazebo:/root/ros2_frws/install/xarm_controller:/root/ros2_frws/install/xarm_api:/root/ros2_frws/install/xarm_sdk:/root/ros2_frws/install/xarm_msgs:/root/ros2_frws/install/xarm_description:/opt/ros/humble LD_LIBRARY_PATH=/root/ros2_frws/install/xarm_gazebo/lib:/root/ros2_frws/install/xarm_controller/lib:/root/ros2_frws/install/xarm_api/lib:/root/ros2_frws/install/xarm_sdk/lib:/root/ros2_frws/install/xarm_msgs/lib:${LD_LIBRARY_PATH} PYTHONPATH=/root/ros2_frws/install/xarm_msgs/local/lib/python3.10/dist-packages:${PYTHONPATH} /usr/bin/cmake --build /root/ros2_frws/build/xarm_planner -- -j16 -l16
[0.188s] [ 18%] Built target test_xarm_gripper_planner_client_joint
[0.188s] [ 18%] Built target test_xarm_planner_client_pose
[0.193s] [ 36%] Built target test_lite_gripper_realmove
[0.193s] [ 36%] Built target test_xarm_planner_client_joint
[0.227s] [ 45%] Built target xarm_planner
[0.275s] [ 59%] Built target test_xarm_planner_api_joint
[0.277s] [ 63%] Built target test_xarm_gripper_planner_api_joint
[0.283s] [ 72%] Built target xarm_planner_node
[0.283s] [ 81%] Built target xarm_gripper_planner_node
[0.283s] [ 90%] Built target test_dual_xarm_planner_api_joint
[0.283s] [ 95%] [32mBuilding CXX object CMakeFiles/test_xarm_planner_api_pose.dir/test/test_xarm_planner_api_pose.cpp.o[0m
[5.896s] [01m[K/root/ros2_frws/src/xarm_ros2/xarm_planner/test/test_xarm_planner_api_pose.cpp:[m[K In function â€˜[01m[Kint main(int, char**)[m[Kâ€™:
[5.897s] [01m[K/root/ros2_frws/src/xarm_ros2/xarm_planner/test/test_xarm_planner_api_pose.cpp:37:17:[m[K [01;31m[Kerror: [m[Kâ€˜[01m[KPose[m[Kâ€™ was not declared in this scope
[5.897s]    37 |     std::vector<[01;31m[KPose[m[K> PoseArray;
[5.897s]       |                 [01;31m[K^~~~[m[K
[5.904s] [01m[K/root/ros2_frws/src/xarm_ros2/xarm_planner/test/test_xarm_planner_api_pose.cpp:37:17:[m[K [01;36m[Knote: [m[Ksuggested alternatives:
[5.904s] In file included from [01m[K/opt/ros/humble/include/urdfdom_headers/urdf_model/joint.h:43[m[K,
[5.904s]                  from [01m[K/opt/ros/humble/include/urdfdom_headers/urdf_model/link.h:44[m[K,
[5.904s]                  from [01m[K/opt/ros/humble/include/urdfdom_headers/urdf_model/model.h:42[m[K,
[5.905s]                  from [01m[K/opt/ros/humble/include/urdf/urdf/model.h:43[m[K,
[5.905s]                  from [01m[K/opt/ros/humble/include/srdfdom/model.h:44[m[K,
[5.905s]                  from [01m[K/opt/ros/humble/include/moveit/robot_model/robot_model.h:42[m[K,
[5.905s]                  from [01m[K/opt/ros/humble/include/moveit/robot_state/robot_state.h:40[m[K,
[5.905s]                  from [01m[K/opt/ros/humble/include/moveit/move_group_interface/move_group_interface.h:41[m[K,
[5.905s]                  from [01m[K/root/ros2_frws/src/xarm_ros2/xarm_planner/include/xarm_planner/xarm_planner.h:14[m[K,
[5.905s]                  from [01m[K/root/ros2_frws/src/xarm_ros2/xarm_planner/test/test_xarm_planner_api_pose.cpp:8[m[K:
[5.905s] [01m[K/opt/ros/humble/include/urdfdom_headers/urdf_model/pose.h:254:7:[m[K [01;36m[Knote: [m[K  â€˜[01m[Kurdf::Pose[m[Kâ€™
[5.905s]   254 | class [01;36m[KPose[m[K
[5.905s]       |       [01;36m[K^~~~[m[K
[5.905s] In file included from [01m[K/opt/ros/humble/include/geometry_msgs/geometry_msgs/msg/pose.hpp:7[m[K,
[5.905s]                  from [01m[K/opt/ros/humble/include/moveit/kinematics_base/kinematics_base.h:39[m[K,
[5.905s]                  from [01m[K/opt/ros/humble/include/moveit/robot_model/joint_model_group.h:42[m[K,
[5.905s]                  from [01m[K/opt/ros/humble/include/moveit/robot_model/robot_model.h:45[m[K,
[5.905s]                  from [01m[K/opt/ros/humble/include/moveit/robot_state/robot_state.h:40[m[K,
[5.906s]                  from [01m[K/opt/ros/humble/include/moveit/move_group_interface/move_group_interface.h:41[m[K,
[5.906s]                  from [01m[K/root/ros2_frws/src/xarm_ros2/xarm_planner/include/xarm_planner/xarm_planner.h:14[m[K,
[5.906s]                  from [01m[K/root/ros2_frws/src/xarm_ros2/xarm_planner/test/test_xarm_planner_api_pose.cpp:8[m[K:
[5.906s] [01m[K/opt/ros/humble/include/geometry_msgs/geometry_msgs/msg/detail/pose__struct.hpp:135:7:[m[K [01;36m[Knote: [m[K  â€˜[01m[Kgeometry_msgs::msg::Pose[m[Kâ€™
[5.906s]   135 | using [01;36m[KPose[m[K =
[5.906s]       |       [01;36m[K^~~~[m[K
[5.906s] [01m[K/root/ros2_frws/src/xarm_ros2/xarm_planner/test/test_xarm_planner_api_pose.cpp:37:21:[m[K [01;31m[Kerror: [m[Ktemplate argument 1 is invalid
[5.906s]    37 |     std::vector<Pose[01;31m[K>[m[K PoseArray;
[5.906s]       |                     [01;31m[K^[m[K
[5.906s] [01m[K/root/ros2_frws/src/xarm_ros2/xarm_planner/test/test_xarm_planner_api_pose.cpp:37:21:[m[K [01;31m[Kerror: [m[Ktemplate argument 2 is invalid
[5.911s] [01m[K/root/ros2_frws/src/xarm_ros2/xarm_planner/test/test_xarm_planner_api_pose.cpp:62:9:[m[K [01;31m[Kerror: [m[Kâ€˜[01m[Ktarget__pose1[m[Kâ€™ was not declared in this scope; did you mean â€˜[01m[Ktarget_pose1[m[Kâ€™?
[5.911s]    62 |         [01;31m[Ktarget__pose1[m[K.position.x = posX;
[5.911s]       |         [01;31m[K^~~~~~~~~~~~~[m[K
[5.912s]       |         [32m[Ktarget_pose1[m[K
[5.912s] [01m[K/root/ros2_frws/src/xarm_ros2/xarm_planner/test/test_xarm_planner_api_pose.cpp:71:19:[m[K [01;31m[Kerror: [m[Krequest for member â€˜[01m[Kpush_back[m[Kâ€™ in â€˜[01m[KPoseArray[m[Kâ€™, which is of non-class type â€˜[01m[Kint[m[Kâ€™
[5.912s]    71 |         PoseArray.[01;31m[Kpush_back[m[K(target_pose1);
[5.912s]       |                   [01;31m[K^~~~~~~~~[m[K
[5.916s] [01m[K/root/ros2_frws/src/xarm_ros2/xarm_planner/test/test_xarm_planner_api_pose.cpp:76:33:[m[K [01;31m[Kerror: [m[Kâ€˜[01m[KposeArray[m[Kâ€™ was not declared in this scope; did you mean â€˜[01m[KPoseArray[m[Kâ€™?
[5.917s]    76 |          for (size_t i = 0; i < [01;31m[KposeArray[m[K.size(); ++i) {
[5.917s]       |                                 [01;31m[K^~~~~~~~~[m[K
[5.917s]       |                                 [32m[KPoseArray[m[K
[5.917s] [01m[K/root/ros2_frws/src/xarm_ros2/xarm_planner/test/test_xarm_planner_api_pose.cpp:86:2:[m[K [01;31m[Kerror: [m[Kexpected â€˜[01m[K}[m[Kâ€™ at end of input
[5.917s]    86 | }
[5.917s]       |  [01;31m[K^[m[K
[5.918s] [01m[K/root/ros2_frws/src/xarm_ros2/xarm_planner/test/test_xarm_planner_api_pose.cpp:17:1:[m[K [01;36m[Knote: [m[Kto match this â€˜[01m[K{[m[Kâ€™
[5.918s]    17 | [01;36m[K{[m[K
[5.918s]       | [01;36m[K^[m[K
[10.038s] gmake[2]: *** [CMakeFiles/test_xarm_planner_api_pose.dir/build.make:76: CMakeFiles/test_xarm_planner_api_pose.dir/test/test_xarm_planner_api_pose.cpp.o] Error 1
[10.039s] gmake[1]: *** [CMakeFiles/Makefile2:287: CMakeFiles/test_xarm_planner_api_pose.dir/all] Error 2
[10.039s] gmake: *** [Makefile:146: all] Error 2
[10.042s] Invoked command in '/root/ros2_frws/build/xarm_planner' returned '2': AMENT_PREFIX_PATH=/root/ros2_frws/install/xarm_moveit_config:/root/ros2_frws/install/xarm_gazebo:/root/ros2_frws/install/xarm_controller:/root/ros2_frws/install/xarm_api:/root/ros2_frws/install/xarm_sdk:/root/ros2_frws/install/xarm_msgs:/root/ros2_frws/install/xarm_description:${AMENT_PREFIX_PATH} CMAKE_PREFIX_PATH=/root/ros2_frws/install/xarm_moveit_config:/root/ros2_frws/install/xarm_gazebo:/root/ros2_frws/install/xarm_controller:/root/ros2_frws/install/xarm_api:/root/ros2_frws/install/xarm_sdk:/root/ros2_frws/install/xarm_msgs:/root/ros2_frws/install/xarm_description:/opt/ros/humble LD_LIBRARY_PATH=/root/ros2_frws/install/xarm_gazebo/lib:/root/ros2_frws/install/xarm_controller/lib:/root/ros2_frws/install/xarm_api/lib:/root/ros2_frws/install/xarm_sdk/lib:/root/ros2_frws/install/xarm_msgs/lib:${LD_LIBRARY_PATH} PYTHONPATH=/root/ros2_frws/install/xarm_msgs/local/lib/python3.10/dist-packages:${PYTHONPATH} /usr/bin/cmake --build /root/ros2_frws/build/xarm_planner -- -j16 -l16
