[0.077s] Invoking command in '/root/ros2_frws/build/my_msg_interfaces': /usr/bin/cmake --build /root/ros2_frws/build/my_msg_interfaces -- -j16 -l16
[0.098s] -- Found ament_cmake: 1.3.8 (/opt/ros/humble/share/ament_cmake/cmake)
[0.247s] -- Found rosidl_default_generators: 1.2.0 (/opt/ros/humble/share/rosidl_default_generators/cmake)
[0.250s] -- Using all available rosidl_typesupport_c: rosidl_typesupport_fastrtps_c;rosidl_typesupport_introspection_c
[0.252s] -- Found rosidl_adapter: 3.1.5 (/opt/ros/humble/share/rosidl_adapter/cmake)
[0.284s] -- Using all available rosidl_typesupport_cpp: rosidl_typesupport_fastrtps_cpp;rosidl_typesupport_introspection_cpp
[0.490s] Error parsing '/root/ros2_frws/src/my_msg_interfaces/package.xml':
[0.490s] Traceback (most recent call last):
[0.490s]   File "/opt/ros/humble/share/ament_cmake_core/cmake/core/package_xml_2_cmake.py", line 150, in <module>
[0.490s]     main()
[0.490s]   File "/opt/ros/humble/share/ament_cmake_core/cmake/core/package_xml_2_cmake.py", line 53, in main
[0.491s]     raise e
[0.491s]   File "/opt/ros/humble/share/ament_cmake_core/cmake/core/package_xml_2_cmake.py", line 49, in main
[0.491s]     package = parse_package_string(
[0.491s]   File "/usr/local/lib/python3.10/dist-packages/catkin_pkg/package.py", line 788, in parse_package_string
[0.492s]     pkg.validate(warnings=warnings)
[0.492s]   File "/usr/local/lib/python3.10/dist-packages/catkin_pkg/package.py", line 330, in validate
[0.492s]     raise InvalidPackage('\n'.join(errors), self.filename)
[0.493s] catkin_pkg.package.InvalidPackage: Error(s) in package '/root/ros2_frws/src/my_msg_interfaces/package.xml':
[0.493s] The package "my_msg_interfaces" must not "exec_depend" on a package with the same name as this package
[0.500s] [31mCMake Error at /opt/ros/humble/share/ament_cmake_core/cmake/core/ament_package_xml.cmake:95 (message):
[0.500s]   execute_process(/usr/bin/python3
[0.500s]   /opt/ros/humble/share/ament_cmake_core/cmake/core/package_xml_2_cmake.py
[0.501s]   /root/ros2_frws/src/my_msg_interfaces/package.xml
[0.501s]   /root/ros2_frws/build/my_msg_interfaces/ament_cmake_core/package.cmake)
[0.501s]   returned error code 1
[0.501s] Call Stack (most recent call first):
[0.501s]   /opt/ros/humble/share/ament_cmake_core/cmake/core/ament_package_xml.cmake:49 (_ament_package_xml)
[0.501s]   /opt/ros/humble/share/rosidl_cmake/cmake/rosidl_generate_interfaces.cmake:226 (ament_package_xml)
[0.501s]   CMakeLists.txt:16 (rosidl_generate_interfaces)
[0.501s] 
[0.501s] [0m
[0.501s] -- Configuring incomplete, errors occurred!
[0.501s] See also "/root/ros2_frws/build/my_msg_interfaces/CMakeFiles/CMakeOutput.log".
[0.506s] gmake: *** [Makefile:747: cmake_check_build_system] Error 1
[0.508s] Invoked command in '/root/ros2_frws/build/my_msg_interfaces' returned '2': /usr/bin/cmake --build /root/ros2_frws/build/my_msg_interfaces -- -j16 -l16
