[01m[K/root/ros2_frws/src/xarm_ros2/xarm_planner/test/test_xarm_planner_api_pose.cpp:75:5:[m[K [01;31m[Kerror: [m[Kexpected unqualified-id before â€˜[01m[Kwhile[m[Kâ€™
   75 |     [01;31m[Kwhile[m[K (rclcpp::ok())
      |     [01;31m[K^~~~~[m[K
gmake[2]: *** [CMakeFiles/test_xarm_planner_api_pose.dir/build.make:76: CMakeFiles/test_xarm_planner_api_pose.dir/test/test_xarm_planner_api_pose.cpp.o] Error 1
gmake[1]: *** [CMakeFiles/Makefile2:287: CMakeFiles/test_xarm_planner_api_pose.dir/all] Error 2
gmake: *** [Makefile:146: all] Error 2
