[0.564s] Invoking command in '/root/ros2_frws/build/xarm_msgs': CMAKE_PREFIX_PATH=${CMAKE_PREFIX_PATH}:/root/ros2_frws/install/challenge_2:/root/ros2_frws/install/moveit_configs_utils:/root/ros2_frws/install/course_works:/root/ros2_frws/install/basic_comms_params:/root/ros2_frws/install/basic_comms_param:/root/ros2_frws/install/basic_comms:/opt/ros/humble /usr/bin/cmake --build /root/ros2_frws/build/xarm_msgs -- -j16 -l16
[1.414s] failed to create symbolic link '/root/ros2_frws/build/xarm_msgs/ament_cmake_python/xarm_msgs/xarm_msgs' because existing path cannot be removed: Is a directory
[1.415s] gmake[2]: *** [CMakeFiles/ament_cmake_python_symlink_xarm_msgs.dir/build.make:70: CMakeFiles/ament_cmake_python_symlink_xarm_msgs] Error 1
[1.415s] gmake[1]: *** [CMakeFiles/Makefile2:421: CMakeFiles/ament_cmake_python_symlink_xarm_msgs.dir/all] Error 2
[1.416s] gmake[1]: *** Waiting for unfinished jobs....
[1.416s] gmake: *** [Makefile:146: all] Error 2
[1.416s] [  0%] Built target xarm_msgs__cpp
[1.416s] [35m[1mConsolidate compiler generated dependencies of target xarm_msgs__rosidl_generator_c[0m
[1.416s] [ 12%] Built target xarm_msgs__rosidl_generator_c
[1.430s] Invoked command in '/root/ros2_frws/build/xarm_msgs' returned '2': CMAKE_PREFIX_PATH=${CMAKE_PREFIX_PATH}:/root/ros2_frws/install/challenge_2:/root/ros2_frws/install/moveit_configs_utils:/root/ros2_frws/install/course_works:/root/ros2_frws/install/basic_comms_params:/root/ros2_frws/install/basic_comms_param:/root/ros2_frws/install/basic_comms:/opt/ros/humble /usr/bin/cmake --build /root/ros2_frws/build/xarm_msgs -- -j16 -l16
