[  9%] Built target test_xarm_gripper_planner_client_joint
[ 18%] Built target test_xarm_planner_client_joint
[ 27%] Built target test_lite_gripper_realmove
[ 36%] Built target test_xarm_planner_client_pose
[ 45%] Built target xarm_planner
[ 63%] Built target test_dual_xarm_planner_api_joint
[ 63%] Built target xarm_planner_node
[ 68%] [32mBuilding CXX object CMakeFiles/test_xarm_planner_api_pose.dir/test/test_xarm_planner_api_pose.cpp.o[0m
[ 77%] Built target xarm_gripper_planner_node
[ 86%] Built target test_xarm_gripper_planner_api_joint
[ 95%] Built target test_xarm_planner_api_joint
[01m[K/root/ros2_frws/src/xarm_ros2/xarm_planner/test/test_xarm_planner_api_pose.cpp:[m[K In function â€˜[01m[Kint main(int, char**)[m[Kâ€™:
[01m[K/root/ros2_frws/src/xarm_ros2/xarm_planner/test/test_xarm_planner_api_pose.cpp:55:41:[m[K [01;31m[Kerror: [m[Kâ€˜[01m[Kz[m[Kâ€™ was not declared in this scope
   55 |             float posx = (radius * (1 - [01;31m[Kz[m[K / height)) * cos(theta);
      |                                         [01;31m[K^[m[K
gmake[2]: *** [CMakeFiles/test_xarm_planner_api_pose.dir/build.make:76: CMakeFiles/test_xarm_planner_api_pose.dir/test/test_xarm_planner_api_pose.cpp.o] Error 1
gmake[1]: *** [CMakeFiles/Makefile2:287: CMakeFiles/test_xarm_planner_api_pose.dir/all] Error 2
gmake: *** [Makefile:146: all] Error 2
