[01m[K/root/ros2_frws/src/xarm_ros2/xarm_planner/test/test_xarm_planner_api_pose.cpp:[m[K In function â€˜[01m[Kint main(int, char**)[m[Kâ€™:
[01m[K/root/ros2_frws/src/xarm_ros2/xarm_planner/test/test_xarm_planner_api_pose.cpp:50:11:[m[K [01;31m[Kerror: [m[Kredeclaration of â€˜[01m[Kfloat radius[m[Kâ€™
   50 |     float [01;31m[Kradius[m[K = 0.3;
      |           [01;31m[K^~~~~~[m[K
[01m[K/root/ros2_frws/src/xarm_ros2/xarm_planner/test/test_xarm_planner_api_pose.cpp:42:11:[m[K [01;36m[Knote: [m[Kâ€˜[01m[Kfloat radius[m[Kâ€™ previously declared here
   42 |     float [01;36m[Kradius[m[K = 0.5;
      |           [01;36m[K^~~~~~[m[K
gmake[2]: *** [CMakeFiles/test_xarm_planner_api_pose.dir/build.make:76: CMakeFiles/test_xarm_planner_api_pose.dir/test/test_xarm_planner_api_pose.cpp.o] Error 1
gmake[1]: *** [CMakeFiles/Makefile2:287: CMakeFiles/test_xarm_planner_api_pose.dir/all] Error 2
gmake: *** [Makefile:146: all] Error 2
