[ 27%] Built target test_xarm_planner_client_joint
[ 27%] Built target test_lite_gripper_realmove
[ 27%] Built target test_xarm_planner_client_pose
[ 36%] Built target test_xarm_gripper_planner_client_joint
[ 45%] Built target xarm_planner
[35m[1mConsolidate compiler generated dependencies of target test_xarm_planner_api_pose[0m
[ 54%] Built target xarm_gripper_planner_node
[ 68%] Built target test_xarm_planner_api_joint
[ 72%] Built target test_xarm_gripper_planner_api_joint
[ 81%] Built target xarm_planner_node
[ 90%] Built target test_dual_xarm_planner_api_joint
[ 95%] [32mBuilding CXX object CMakeFiles/test_xarm_planner_api_pose.dir/test/test_xarm_planner_api_pose.cpp.o[0m
[01m[K/root/ros2_frws/src/xarm_ros2/xarm_planner/test/test_xarm_planner_api_pose.cpp:[m[K In function â€˜[01m[Kint main(int, char**)[m[Kâ€™:
[01m[K/root/ros2_frws/src/xarm_ros2/xarm_planner/test/test_xarm_planner_api_pose.cpp:62:9:[m[K [01;31m[Kerror: [m[Kâ€˜[01m[Ktarget__pose1[m[Kâ€™ was not declared in this scope; did you mean â€˜[01m[Ktarget_pose1[m[Kâ€™?
   62 |         [01;31m[Ktarget__pose1[m[K.position.x = posX;
      |         [01;31m[K^~~~~~~~~~~~~[m[K
      |         [32m[Ktarget_pose1[m[K
[01m[K/root/ros2_frws/src/xarm_ros2/xarm_planner/test/test_xarm_planner_api_pose.cpp:76:33:[m[K [01;31m[Kerror: [m[Kâ€˜[01m[KposeArray[m[Kâ€™ was not declared in this scope; did you mean â€˜[01m[KPoseArray[m[Kâ€™?
   76 |          for (size_t i = 0; i < [01;31m[KposeArray[m[K.size(); ++i) {
      |                                 [01;31m[K^~~~~~~~~[m[K
      |                                 [32m[KPoseArray[m[K
[01m[K/root/ros2_frws/src/xarm_ros2/xarm_planner/test/test_xarm_planner_api_pose.cpp:86:2:[m[K [01;31m[Kerror: [m[Kexpected â€˜[01m[K}[m[Kâ€™ at end of input
   86 | }
      |  [01;31m[K^[m[K
[01m[K/root/ros2_frws/src/xarm_ros2/xarm_planner/test/test_xarm_planner_api_pose.cpp:17:1:[m[K [01;36m[Knote: [m[Kto match this â€˜[01m[K{[m[Kâ€™
   17 | [01;36m[K{[m[K
      | [01;36m[K^[m[K
gmake[2]: *** [CMakeFiles/test_xarm_planner_api_pose.dir/build.make:76: CMakeFiles/test_xarm_planner_api_pose.dir/test/test_xarm_planner_api_pose.cpp.o] Error 1
gmake[1]: *** [CMakeFiles/Makefile2:287: CMakeFiles/test_xarm_planner_api_pose.dir/all] Error 2
gmake: *** [Makefile:146: all] Error 2
