[  9%] Built target test_xarm_planner_client_joint
[ 18%] Built target test_xarm_gripper_planner_client_joint
[ 36%] Built target test_lite_gripper_realmove
[ 36%] Built target xarm_planner
[35m[1mConsolidate compiler generated dependencies of target test_xarm_planner_api_pose[0m
[ 45%] Built target test_xarm_planner_client_pose
[ 54%] Built target test_xarm_planner_api_joint
[ 63%] Built target xarm_planner_node
[ 81%] Built target test_xarm_gripper_planner_api_joint
[ 81%] Built target xarm_gripper_planner_node
[ 90%] Built target test_dual_xarm_planner_api_joint
[ 95%] [32mBuilding CXX object CMakeFiles/test_xarm_planner_api_pose.dir/test/test_xarm_planner_api_pose.cpp.o[0m
[01m[K/root/ros2_frws/src/xarm_ros2/xarm_planner/test/test_xarm_planner_api_pose.cpp:[m[K In function â€˜[01m[Kint main(int, char**)[m[Kâ€™:
[01m[K/root/ros2_frws/src/xarm_ros2/xarm_planner/test/test_xarm_planner_api_pose.cpp:50:11:[m[K [01;31m[Kerror: [m[Kredeclaration of â€˜[01m[Kfloat posX[m[Kâ€™
   50 |     float [01;31m[KposX[m[K = 0.2, posY = 0.1, posZ = 0.5;
      |           [01;31m[K^~~~[m[K
[01m[K/root/ros2_frws/src/xarm_ros2/xarm_planner/test/test_xarm_planner_api_pose.cpp:41:11:[m[K [01;36m[Knote: [m[Kâ€˜[01m[Kfloat posX[m[Kâ€™ previously declared here
   41 |     float [01;36m[KposX[m[K = 0;
      |           [01;36m[K^~~~[m[K
[01m[K/root/ros2_frws/src/xarm_ros2/xarm_planner/test/test_xarm_planner_api_pose.cpp:50:23:[m[K [01;31m[Kerror: [m[Kredeclaration of â€˜[01m[Kfloat posY[m[Kâ€™
   50 |     float posX = 0.2, [01;31m[KposY[m[K = 0.1, posZ = 0.5;
      |                       [01;31m[K^~~~[m[K
[01m[K/root/ros2_frws/src/xarm_ros2/xarm_planner/test/test_xarm_planner_api_pose.cpp:42:11:[m[K [01;36m[Knote: [m[Kâ€˜[01m[Kfloat posY[m[Kâ€™ previously declared here
   42 |     float [01;36m[KposY[m[K = 0;
      |           [01;36m[K^~~~[m[K
[01m[K/root/ros2_frws/src/xarm_ros2/xarm_planner/test/test_xarm_planner_api_pose.cpp:50:35:[m[K [01;31m[Kerror: [m[Kredeclaration of â€˜[01m[Kfloat posZ[m[Kâ€™
   50 |     float posX = 0.2, posY = 0.1, [01;31m[KposZ[m[K = 0.5;
      |                                   [01;31m[K^~~~[m[K
[01m[K/root/ros2_frws/src/xarm_ros2/xarm_planner/test/test_xarm_planner_api_pose.cpp:43:11:[m[K [01;36m[Knote: [m[Kâ€˜[01m[Kfloat posZ[m[Kâ€™ previously declared here
   43 |     float [01;36m[KposZ[m[K = 0;
      |           [01;36m[K^~~~[m[K
gmake[2]: *** [CMakeFiles/test_xarm_planner_api_pose.dir/build.make:76: CMakeFiles/test_xarm_planner_api_pose.dir/test/test_xarm_planner_api_pose.cpp.o] Error 1
gmake[1]: *** [CMakeFiles/Makefile2:287: CMakeFiles/test_xarm_planner_api_pose.dir/all] Error 2
gmake: *** [Makefile:146: all] Error 2
