[0.087s] Invoking command in '/root/ros2_frws/build/xarm_planner': CMAKE_PREFIX_PATH=/root/ros2_frws/install/xarm_moveit_config:/root/ros2_frws/install/xarm_gazebo:/root/ros2_frws/install/xarm_controller:/root/ros2_frws/install/xarm_api:/root/ros2_frws/install/xarm_sdk:/root/ros2_frws/install/xarm_msgs:/root/ros2_frws/install/xarm_description:/root/ros2_frws/install/xarm_planner:/root/ros2_frws/install/xarm_moveit_servo:/root/ros2_frws/install/realsense_gazebo_plugin:/root/ros2_frws/install/my_msg_interfaces:/root/ros2_frws/install/challenge_2:/root/ros2_frws/install/course_works:/root/ros2_frws/install/basic_comms_param:/root/ros2_frws/install/basic_comms:/opt/ros/humble LD_LIBRARY_PATH=/root/ros2_frws/install/xarm_gazebo/lib:/root/ros2_frws/install/xarm_controller/lib:/root/ros2_frws/install/xarm_api/lib:/root/ros2_frws/install/xarm_sdk/lib:/root/ros2_frws/install/xarm_msgs/lib:/root/ros2_frws/install/xarm_planner/lib:/root/ros2_frws/install/xarm_moveit_servo/lib:/root/ros2_frws/install/realsense_gazebo_plugin/lib:/root/ros2_frws/install/my_msg_interfaces/lib:/usr/lib/x86_64-linux-gnu/gazebo-11/plugins:/opt/ros/humble/opt/rviz_ogre_vendor/lib:/opt/ros/humble/lib/x86_64-linux-gnu:/opt/ros/humble/lib /usr/bin/cmake --build /root/ros2_frws/build/xarm_planner -- -j16 -l16
[0.175s] [  9%] Built target test_xarm_planner_client_joint
[0.189s] [ 18%] Built target test_xarm_gripper_planner_client_joint
[0.192s] [ 36%] Built target test_lite_gripper_realmove
[0.192s] [ 36%] Built target xarm_planner
[0.221s] [35m[1mConsolidate compiler generated dependencies of target test_xarm_planner_api_pose[0m
[0.222s] [ 45%] Built target test_xarm_planner_client_pose
[0.237s] [ 54%] Built target test_xarm_planner_api_joint
[0.237s] [ 63%] Built target xarm_planner_node
[0.237s] [ 81%] Built target test_xarm_gripper_planner_api_joint
[0.237s] [ 81%] Built target xarm_gripper_planner_node
[0.238s] [ 90%] Built target test_dual_xarm_planner_api_joint
[0.258s] [ 95%] [32mBuilding CXX object CMakeFiles/test_xarm_planner_api_pose.dir/test/test_xarm_planner_api_pose.cpp.o[0m
[5.613s] [01m[K/root/ros2_frws/src/xarm_ros2/xarm_planner/test/test_xarm_planner_api_pose.cpp:[m[K In function â€˜[01m[Kint main(int, char**)[m[Kâ€™:
[5.613s] [01m[K/root/ros2_frws/src/xarm_ros2/xarm_planner/test/test_xarm_planner_api_pose.cpp:50:11:[m[K [01;31m[Kerror: [m[Kredeclaration of â€˜[01m[Kfloat posX[m[Kâ€™
[5.613s]    50 |     float [01;31m[KposX[m[K = 0.2, posY = 0.1, posZ = 0.5;
[5.613s]       |           [01;31m[K^~~~[m[K
[5.613s] [01m[K/root/ros2_frws/src/xarm_ros2/xarm_planner/test/test_xarm_planner_api_pose.cpp:41:11:[m[K [01;36m[Knote: [m[Kâ€˜[01m[Kfloat posX[m[Kâ€™ previously declared here
[5.613s]    41 |     float [01;36m[KposX[m[K = 0;
[5.613s]       |           [01;36m[K^~~~[m[K
[5.614s] [01m[K/root/ros2_frws/src/xarm_ros2/xarm_planner/test/test_xarm_planner_api_pose.cpp:50:23:[m[K [01;31m[Kerror: [m[Kredeclaration of â€˜[01m[Kfloat posY[m[Kâ€™
[5.614s]    50 |     float posX = 0.2, [01;31m[KposY[m[K = 0.1, posZ = 0.5;
[5.614s]       |                       [01;31m[K^~~~[m[K
[5.614s] [01m[K/root/ros2_frws/src/xarm_ros2/xarm_planner/test/test_xarm_planner_api_pose.cpp:42:11:[m[K [01;36m[Knote: [m[Kâ€˜[01m[Kfloat posY[m[Kâ€™ previously declared here
[5.614s]    42 |     float [01;36m[KposY[m[K = 0;
[5.614s]       |           [01;36m[K^~~~[m[K
[5.614s] [01m[K/root/ros2_frws/src/xarm_ros2/xarm_planner/test/test_xarm_planner_api_pose.cpp:50:35:[m[K [01;31m[Kerror: [m[Kredeclaration of â€˜[01m[Kfloat posZ[m[Kâ€™
[5.614s]    50 |     float posX = 0.2, posY = 0.1, [01;31m[KposZ[m[K = 0.5;
[5.614s]       |                                   [01;31m[K^~~~[m[K
[5.614s] [01m[K/root/ros2_frws/src/xarm_ros2/xarm_planner/test/test_xarm_planner_api_pose.cpp:43:11:[m[K [01;36m[Knote: [m[Kâ€˜[01m[Kfloat posZ[m[Kâ€™ previously declared here
[5.614s]    43 |     float [01;36m[KposZ[m[K = 0;
[5.614s]       |           [01;36m[K^~~~[m[K
[9.138s] gmake[2]: *** [CMakeFiles/test_xarm_planner_api_pose.dir/build.make:76: CMakeFiles/test_xarm_planner_api_pose.dir/test/test_xarm_planner_api_pose.cpp.o] Error 1
[9.138s] gmake[1]: *** [CMakeFiles/Makefile2:287: CMakeFiles/test_xarm_planner_api_pose.dir/all] Error 2
[9.138s] gmake: *** [Makefile:146: all] Error 2
[9.143s] Invoked command in '/root/ros2_frws/build/xarm_planner' returned '2': CMAKE_PREFIX_PATH=/root/ros2_frws/install/xarm_moveit_config:/root/ros2_frws/install/xarm_gazebo:/root/ros2_frws/install/xarm_controller:/root/ros2_frws/install/xarm_api:/root/ros2_frws/install/xarm_sdk:/root/ros2_frws/install/xarm_msgs:/root/ros2_frws/install/xarm_description:/root/ros2_frws/install/xarm_planner:/root/ros2_frws/install/xarm_moveit_servo:/root/ros2_frws/install/realsense_gazebo_plugin:/root/ros2_frws/install/my_msg_interfaces:/root/ros2_frws/install/challenge_2:/root/ros2_frws/install/course_works:/root/ros2_frws/install/basic_comms_param:/root/ros2_frws/install/basic_comms:/opt/ros/humble LD_LIBRARY_PATH=/root/ros2_frws/install/xarm_gazebo/lib:/root/ros2_frws/install/xarm_controller/lib:/root/ros2_frws/install/xarm_api/lib:/root/ros2_frws/install/xarm_sdk/lib:/root/ros2_frws/install/xarm_msgs/lib:/root/ros2_frws/install/xarm_planner/lib:/root/ros2_frws/install/xarm_moveit_servo/lib:/root/ros2_frws/install/realsense_gazebo_plugin/lib:/root/ros2_frws/install/my_msg_interfaces/lib:/usr/lib/x86_64-linux-gnu/gazebo-11/plugins:/opt/ros/humble/opt/rviz_ogre_vendor/lib:/opt/ros/humble/lib/x86_64-linux-gnu:/opt/ros/humble/lib /usr/bin/cmake --build /root/ros2_frws/build/xarm_planner -- -j16 -l16
