[0.050s] Invoking command in '/root/ros2_frws/build/tutorial_interfaces': CMAKE_PREFIX_PATH=/opt/ros/humble /usr/bin/cmake --build /root/ros2_frws/build/tutorial_interfaces -- -j16 -l16
[0.066s] -- Found ament_cmake: 1.3.8 (/opt/ros/humble/share/ament_cmake/cmake)
[0.178s] -- Found rosidl_default_generators: 1.2.0 (/opt/ros/humble/share/rosidl_default_generators/cmake)
[0.179s] -- Using all available rosidl_typesupport_c: rosidl_typesupport_fastrtps_c;rosidl_typesupport_introspection_c
[0.181s] -- Found rosidl_adapter: 3.1.5 (/opt/ros/humble/share/rosidl_adapter/cmake)
[0.211s] -- Using all available rosidl_typesupport_cpp: rosidl_typesupport_fastrtps_cpp;rosidl_typesupport_introspection_cpp
[0.232s] -- Found ament_lint_auto: 0.12.10 (/opt/ros/humble/share/ament_lint_auto/cmake)
[0.332s] [31mCMake Error at /opt/ros/humble/share/rosidl_adapter/cmake/rosidl_adapt_interfaces.cmake:59 (message):
[0.333s]   execute_process(/usr/bin/python3 -m rosidl_adapter --package-name
[0.333s]   tutorial_interfaces --arguments-file
[0.333s]   /root/ros2_frws/build/tutorial_interfaces/rosidl_adapter__arguments__tutorial_interfaces.json
[0.333s]   --output-dir
[0.333s]   /root/ros2_frws/build/tutorial_interfaces/rosidl_adapter/tutorial_interfaces
[0.333s]   --output-file
[0.333s]   /root/ros2_frws/build/tutorial_interfaces/rosidl_adapter/tutorial_interfaces.idls)
[0.333s]   returned error code 1:
[0.333s] 
[0.333s]   Error with: tutorial_interfaces signal_params signal_params/parameters
[0.333s] 
[0.333s]   Traceback (most recent call last):
[0.333s] 
[0.334s]     File "/usr/lib/python3.10/runpy.py", line 196, in _run_module_as_main
[0.334s]       return _run_code(code, main_globals, None,
[0.334s]     File "/usr/lib/python3.10/runpy.py", line 86, in _run_code
[0.334s]       exec(code, run_globals)
[0.334s]     File "/opt/ros/humble/local/lib/python3.10/dist-packages/rosidl_adapter/__main__.py", line 19, in <module>
[0.334s]       sys.exit(main())
[0.334s]     File "/opt/ros/humble/local/lib/python3.10/dist-packages/rosidl_adapter/main.py", line 53, in main
[0.334s]       abs_idl_file = convert_to_idl(
[0.334s]     File "/opt/ros/humble/local/lib/python3.10/dist-packages/rosidl_adapter/__init__.py", line 19, in convert_to_idl
[0.334s]       return convert_msg_to_idl(
[0.334s]     File "/opt/ros/humble/local/lib/python3.10/dist-packages/rosidl_adapter/msg/__init__.py", line 28, in convert_msg_to_idl
[0.334s]       msg = parse_message_string(package_name, input_file.stem, content)
[0.334s]     File "/opt/ros/humble/local/lib/python3.10/dist-packages/rosidl_adapter/parser.py", line 510, in parse_message_string
[0.334s]       raise InvalidFieldDefinition(line)
[0.334s] 
[0.334s]   rosidl_adapter.parser.InvalidFieldDefinition: signal_params/parameters
[0.334s] 
[0.335s] Call Stack (most recent call first):
[0.335s]   /opt/ros/humble/share/rosidl_cmake/cmake/rosidl_generate_interfaces.cmake:130 (rosidl_adapt_interfaces)
[0.335s]   CMakeLists.txt:25 (rosidl_generate_interfaces)
[0.335s] 
[0.335s] [0m
[0.335s] -- Configuring incomplete, errors occurred!
[0.335s] See also "/root/ros2_frws/build/tutorial_interfaces/CMakeFiles/CMakeOutput.log".
[0.338s] gmake: *** [Makefile:226: cmake_check_build_system] Error 1
[0.341s] Invoked command in '/root/ros2_frws/build/tutorial_interfaces' returned '2': CMAKE_PREFIX_PATH=/opt/ros/humble /usr/bin/cmake --build /root/ros2_frws/build/tutorial_interfaces -- -j16 -l16
