[01m[K/root/ros2_frws/src/xarm_ros2/xarm_planner/test/test_xarm_planner_api_pose.cpp:[m[K In function â€˜[01m[Kint main(int, char**)[m[Kâ€™:
[01m[K/root/ros2_frws/src/xarm_ros2/xarm_planner/test/test_xarm_planner_api_pose.cpp:56:13:[m[K [01;31m[Kerror: [m[Kâ€˜[01m[Kposey[m[Kâ€™ was not declared in this scope; did you mean â€˜[01m[Kposy[m[Kâ€™?
   56 |             [01;31m[Kposey[m[K=
      |             [01;31m[K^~~~~[m[K
      |             [32m[Kposy[m[K
[01m[K/root/ros2_frws/src/xarm_ros2/xarm_planner/test/test_xarm_planner_api_pose.cpp:57:13:[m[K [01;31m[Kerror: [m[Kâ€˜[01m[Kposez[m[Kâ€™ was not declared in this scope; did you mean â€˜[01m[Kposz[m[Kâ€™?
   57 |             [01;31m[Kposez[m[K=
      |             [01;31m[K^~~~~[m[K
      |             [32m[Kposz[m[K
gmake[2]: *** [CMakeFiles/test_xarm_planner_api_pose.dir/build.make:76: CMakeFiles/test_xarm_planner_api_pose.dir/test/test_xarm_planner_api_pose.cpp.o] Error 1
gmake[1]: *** [CMakeFiles/Makefile2:287: CMakeFiles/test_xarm_planner_api_pose.dir/all] Error 2
gmake: *** [Makefile:146: all] Error 2
