[ 27%] Built target test_xarm_gripper_planner_client_joint
[ 27%] Built target test_lite_gripper_realmove
[ 27%] Built target test_xarm_planner_client_joint
[ 36%] Built target test_xarm_planner_client_pose
[ 45%] Built target xarm_planner
[35m[1mConsolidate compiler generated dependencies of target test_xarm_planner_api_pose[0m
[ 68%] Built target xarm_gripper_planner_node
[ 81%] Built target test_xarm_gripper_planner_api_joint
[ 90%] Built target xarm_planner_node
[ 90%] Built target test_dual_xarm_planner_api_joint
[ 90%] Built target test_xarm_planner_api_joint
[ 95%] [32mBuilding CXX object CMakeFiles/test_xarm_planner_api_pose.dir/test/test_xarm_planner_api_pose.cpp.o[0m
[01m[K/root/ros2_frws/src/xarm_ros2/xarm_planner/test/test_xarm_planner_api_pose.cpp:[m[K In function â€˜[01m[Kint main(int, char**)[m[Kâ€™:
[01m[K/root/ros2_frws/src/xarm_ros2/xarm_planner/test/test_xarm_planner_api_pose.cpp:59:46:[m[K [01;31m[Kerror: [m[Kexpected â€˜[01m[K;[m[Kâ€™ before â€˜[01m[Ktarget_pose[m[Kâ€™
   59 |             target_pose.position.y = posy+0.1
      |                                              [01;31m[K^[m[K
      |                                              [32m[K;[m[K
   60 |             [32m[Ktarget_pose[m[K.position.z = posz+0.1;
      |             [32m[K~~~~~~~~~~~[m[K                       
gmake[2]: *** [CMakeFiles/test_xarm_planner_api_pose.dir/build.make:76: CMakeFiles/test_xarm_planner_api_pose.dir/test/test_xarm_planner_api_pose.cpp.o] Error 1
gmake[1]: *** [CMakeFiles/Makefile2:287: CMakeFiles/test_xarm_planner_api_pose.dir/all] Error 2
gmake: *** [Makefile:146: all] Error 2
