[01m[K/root/ros2_frws/src/xarm_ros2/xarm_planner/test/test_xarm_planner_api_pose.cpp:[m[K In function â€˜[01m[Kint main(int, char**)[m[Kâ€™:
[01m[K/root/ros2_frws/src/xarm_ros2/xarm_planner/test/test_xarm_planner_api_pose.cpp:48:17:[m[K [01;31m[Kerror: [m[Kâ€˜[01m[KPose[m[Kâ€™ was not declared in this scope
   48 |     std::vector<[01;31m[KPose[m[K> target_poses;
      |                 [01;31m[K^~~~[m[K
[01m[K/root/ros2_frws/src/xarm_ros2/xarm_planner/test/test_xarm_planner_api_pose.cpp:48:17:[m[K [01;36m[Knote: [m[Ksuggested alternatives:
In file included from [01m[K/opt/ros/humble/include/urdfdom_headers/urdf_model/joint.h:43[m[K,
                 from [01m[K/opt/ros/humble/include/urdfdom_headers/urdf_model/link.h:44[m[K,
                 from [01m[K/opt/ros/humble/include/urdfdom_headers/urdf_model/model.h:42[m[K,
                 from [01m[K/opt/ros/humble/include/urdf/urdf/model.h:43[m[K,
                 from [01m[K/opt/ros/humble/include/srdfdom/model.h:44[m[K,
                 from [01m[K/opt/ros/humble/include/moveit/robot_model/robot_model.h:42[m[K,
                 from [01m[K/opt/ros/humble/include/moveit/robot_state/robot_state.h:40[m[K,
                 from [01m[K/opt/ros/humble/include/moveit/move_group_interface/move_group_interface.h:41[m[K,
                 from [01m[K/root/ros2_frws/src/xarm_ros2/xarm_planner/include/xarm_planner/xarm_planner.h:14[m[K,
                 from [01m[K/root/ros2_frws/src/xarm_ros2/xarm_planner/test/test_xarm_planner_api_pose.cpp:8[m[K:
[01m[K/opt/ros/humble/include/urdfdom_headers/urdf_model/pose.h:254:7:[m[K [01;36m[Knote: [m[K  â€˜[01m[Kurdf::Pose[m[Kâ€™
  254 | class [01;36m[KPose[m[K
      |       [01;36m[K^~~~[m[K
In file included from [01m[K/opt/ros/humble/include/geometry_msgs/geometry_msgs/msg/pose.hpp:7[m[K,
                 from [01m[K/opt/ros/humble/include/moveit/kinematics_base/kinematics_base.h:39[m[K,
                 from [01m[K/opt/ros/humble/include/moveit/robot_model/joint_model_group.h:42[m[K,
                 from [01m[K/opt/ros/humble/include/moveit/robot_model/robot_model.h:45[m[K,
                 from [01m[K/opt/ros/humble/include/moveit/robot_state/robot_state.h:40[m[K,
                 from [01m[K/opt/ros/humble/include/moveit/move_group_interface/move_group_interface.h:41[m[K,
                 from [01m[K/root/ros2_frws/src/xarm_ros2/xarm_planner/include/xarm_planner/xarm_planner.h:14[m[K,
                 from [01m[K/root/ros2_frws/src/xarm_ros2/xarm_planner/test/test_xarm_planner_api_pose.cpp:8[m[K:
[01m[K/opt/ros/humble/include/geometry_msgs/geometry_msgs/msg/detail/pose__struct.hpp:135:7:[m[K [01;36m[Knote: [m[K  â€˜[01m[Kgeometry_msgs::msg::Pose[m[Kâ€™
  135 | using [01;36m[KPose[m[K =
      |       [01;36m[K^~~~[m[K
[01m[K/root/ros2_frws/src/xarm_ros2/xarm_planner/test/test_xarm_planner_api_pose.cpp:48:21:[m[K [01;31m[Kerror: [m[Ktemplate argument 1 is invalid
   48 |     std::vector<Pose[01;31m[K>[m[K target_poses;
      |                     [01;31m[K^[m[K
[01m[K/root/ros2_frws/src/xarm_ros2/xarm_planner/test/test_xarm_planner_api_pose.cpp:48:21:[m[K [01;31m[Kerror: [m[Ktemplate argument 2 is invalid
[01m[K/root/ros2_frws/src/xarm_ros2/xarm_planner/test/test_xarm_planner_api_pose.cpp:63:26:[m[K [01;31m[Kerror: [m[Krequest for member â€˜[01m[Kpush_back[m[Kâ€™ in â€˜[01m[Ktarget_poses[m[Kâ€™, which is of non-class type â€˜[01m[Kint[m[Kâ€™
   63 |             target_poses.[01;31m[Kpush_back[m[K(target_pose);
      |                          [01;31m[K^~~~~~~~~[m[K
[01m[K/root/ros2_frws/src/xarm_ros2/xarm_planner/test/test_xarm_planner_api_pose.cpp:69:37:[m[K [01;31m[Kerror: [m[Krequest for member â€˜[01m[Kbegin[m[Kâ€™ in â€˜[01m[Ktarget_poses[m[Kâ€™, which is of non-class type â€˜[01m[Kint[m[Kâ€™
   69 |         for (auto it = target_poses.[01;31m[Kbegin[m[K(); it != target_poses.end(); ++it) {
      |                                     [01;31m[K^~~~~[m[K
[01m[K/root/ros2_frws/src/xarm_ros2/xarm_planner/test/test_xarm_planner_api_pose.cpp:69:65:[m[K [01;31m[Kerror: [m[Krequest for member â€˜[01m[Kend[m[Kâ€™ in â€˜[01m[Ktarget_poses[m[Kâ€™, which is of non-class type â€˜[01m[Kint[m[Kâ€™
   69 |         for (auto it = target_poses.begin(); it != target_poses.[01;31m[Kend[m[K(); ++it) {
      |                                                                 [01;31m[K^~~[m[K
gmake[2]: *** [CMakeFiles/test_xarm_planner_api_pose.dir/build.make:76: CMakeFiles/test_xarm_planner_api_pose.dir/test/test_xarm_planner_api_pose.cpp.o] Error 1
gmake[1]: *** [CMakeFiles/Makefile2:287: CMakeFiles/test_xarm_planner_api_pose.dir/all] Error 2
gmake: *** [Makefile:146: all] Error 2
