[0.071s] Invoking command in '/root/ros2_frws/build/tutorial_interfaces': CMAKE_PREFIX_PATH=/opt/ros/humble /usr/bin/cmake --build /root/ros2_frws/build/tutorial_interfaces -- -j16 -l16
[0.094s] -- Found ament_cmake: 1.3.8 (/opt/ros/humble/share/ament_cmake/cmake)
[0.227s] -- Found rosidl_default_generators: 1.2.0 (/opt/ros/humble/share/rosidl_default_generators/cmake)
[0.228s] -- Using all available rosidl_typesupport_c: rosidl_typesupport_fastrtps_c;rosidl_typesupport_introspection_c
[0.231s] -- Found rosidl_adapter: 3.1.5 (/opt/ros/humble/share/rosidl_adapter/cmake)
[0.264s] -- Using all available rosidl_typesupport_cpp: rosidl_typesupport_fastrtps_cpp;rosidl_typesupport_introspection_cpp
[0.287s] -- Found ament_lint_auto: 0.12.10 (/opt/ros/humble/share/ament_lint_auto/cmake)
[0.429s] -- Configuring incomplete, errors occurred!
[0.429s] See also "/root/ros2_frws/build/tutorial_interfaces/CMakeFiles/CMakeOutput.log".
[0.430s] [31mCMake Error at /opt/ros/humble/share/rosidl_adapter/cmake/rosidl_adapt_interfaces.cmake:59 (message):
[0.430s]   execute_process(/usr/bin/python3 -m rosidl_adapter --package-name
[0.430s]   tutorial_interfaces --arguments-file
[0.430s]   /root/ros2_frws/build/tutorial_interfaces/rosidl_adapter__arguments__tutorial_interfaces.json
[0.430s]   --output-dir
[0.430s]   /root/ros2_frws/build/tutorial_interfaces/rosidl_adapter/tutorial_interfaces
[0.430s]   --output-file
[0.430s]   /root/ros2_frws/build/tutorial_interfaces/rosidl_adapter/tutorial_interfaces.idls)
[0.430s]   returned error code 1:
[0.430s] 
[0.430s]   Error processing 'Type type_' of 'tutorial_interfaces/signal_params':
[0.430s]   ''type_' is an invalid field name.  It should have the pattern
[0.430s]   '^(?!.*__)(?!.*_$)[a-z][a-z0-9_]*$''
[0.430s] 
[0.431s]   Traceback (most recent call last):
[0.431s] 
[0.431s]     File "/usr/lib/python3.10/runpy.py", line 196, in _run_module_as_main
[0.431s]       return _run_code(code, main_globals, None,
[0.431s]     File "/usr/lib/python3.10/runpy.py", line 86, in _run_code
[0.431s]       exec(code, run_globals)
[0.431s]     File "/opt/ros/humble/local/lib/python3.10/dist-packages/rosidl_adapter/__main__.py", line 19, in <module>
[0.431s]       sys.exit(main())
[0.431s]     File "/opt/ros/humble/local/lib/python3.10/dist-packages/rosidl_adapter/main.py", line 53, in main
[0.431s]       abs_idl_file = convert_to_idl(
[0.431s]     File "/opt/ros/humble/local/lib/python3.10/dist-packages/rosidl_adapter/__init__.py", line 19, in convert_to_idl
[0.431s]       return convert_msg_to_idl(
[0.431s]     File "/opt/ros/humble/local/lib/python3.10/dist-packages/rosidl_adapter/msg/__init__.py", line 28, in convert_msg_to_idl
[0.431s]       msg = parse_message_string(package_name, input_file.stem, content)
[0.431s]     File "/opt/ros/humble/local/lib/python3.10/dist-packages/rosidl_adapter/parser.py", line 519, in parse_message_string
[0.431s]       fields.append(Field(
[0.432s]     File "/opt/ros/humble/local/lib/python3.10/dist-packages/rosidl_adapter/parser.py", line 354, in __init__
[0.432s]       raise NameError(
[0.432s] 
[0.432s]   NameError: 'type_' is an invalid field name.  It should have the pattern
[0.432s]   '^(?!.*__)(?!.*_$)[a-z][a-z0-9_]*$'
[0.432s] 
[0.432s] Call Stack (most recent call first):
[0.432s]   /opt/ros/humble/share/rosidl_cmake/cmake/rosidl_generate_interfaces.cmake:130 (rosidl_adapt_interfaces)
[0.432s]   CMakeLists.txt:25 (rosidl_generate_interfaces)
[0.433s] 
[0.433s] [0m
[0.433s] gmake: *** [Makefile:226: cmake_check_build_system] Error 1
[0.434s] Invoked command in '/root/ros2_frws/build/tutorial_interfaces' returned '2': CMAKE_PREFIX_PATH=/opt/ros/humble /usr/bin/cmake --build /root/ros2_frws/build/tutorial_interfaces -- -j16 -l16
