[0.069s] Invoking command in '/root/ros2_frws/build/xarm_planner': AMENT_PREFIX_PATH=/root/ros2_frws/install/xarm_moveit_config:/root/ros2_frws/install/xarm_gazebo:/root/ros2_frws/install/xarm_controller:/root/ros2_frws/install/xarm_api:/root/ros2_frws/install/xarm_sdk:/root/ros2_frws/install/xarm_msgs:/root/ros2_frws/install/xarm_description:${AMENT_PREFIX_PATH} CMAKE_PREFIX_PATH=/root/ros2_frws/install/xarm_moveit_config:/root/ros2_frws/install/xarm_gazebo:/root/ros2_frws/install/xarm_controller:/root/ros2_frws/install/xarm_api:/root/ros2_frws/install/xarm_sdk:/root/ros2_frws/install/xarm_msgs:/root/ros2_frws/install/xarm_description:/opt/ros/humble LD_LIBRARY_PATH=/root/ros2_frws/install/xarm_gazebo/lib:/root/ros2_frws/install/xarm_controller/lib:/root/ros2_frws/install/xarm_api/lib:/root/ros2_frws/install/xarm_sdk/lib:/root/ros2_frws/install/xarm_msgs/lib:${LD_LIBRARY_PATH} PYTHONPATH=/root/ros2_frws/install/xarm_msgs/local/lib/python3.10/dist-packages:${PYTHONPATH} /usr/bin/cmake --build /root/ros2_frws/build/xarm_planner -- -j16 -l16
[0.127s] [35m[1mConsolidate compiler generated dependencies of target test_xarm_gripper_planner_client_joint[0m
[0.128s] [35m[1mConsolidate compiler generated dependencies of target test_xarm_planner_client_joint[0m
[0.128s] [35m[1mConsolidate compiler generated dependencies of target test_xarm_planner_client_pose[0m
[0.128s] [35m[1mConsolidate compiler generated dependencies of target xarm_planner[0m
[0.134s] [35m[1mConsolidate compiler generated dependencies of target test_lite_gripper_realmove[0m
[0.153s] [ 27%] Built target test_xarm_gripper_planner_client_joint
[0.153s] [ 27%] Built target test_xarm_planner_client_joint
[0.153s] [ 27%] Built target test_xarm_planner_client_pose
[0.157s] [ 36%] Built target test_lite_gripper_realmove
[0.171s] [ 45%] Built target xarm_planner
[0.186s] [35m[1mConsolidate compiler generated dependencies of target test_xarm_planner_api_joint[0m
[0.186s] [35m[1mConsolidate compiler generated dependencies of target test_dual_xarm_planner_api_joint[0m
[0.188s] [35m[1mConsolidate compiler generated dependencies of target test_xarm_gripper_planner_api_joint[0m
[0.188s] [35m[1mConsolidate compiler generated dependencies of target xarm_planner_node[0m
[0.191s] [35m[1mConsolidate compiler generated dependencies of target test_xarm_planner_api_pose[0m
[0.200s] [35m[1mConsolidate compiler generated dependencies of target xarm_gripper_planner_node[0m
[0.222s] [ 63%] Built target test_xarm_planner_api_joint
[0.222s] [ 63%] Built target test_dual_xarm_planner_api_joint
[0.222s] [ 77%] Built target xarm_planner_node
[0.222s] [ 81%] Built target test_xarm_gripper_planner_api_joint
[0.225s] [ 86%] [32mBuilding CXX object CMakeFiles/test_xarm_planner_api_pose.dir/test/test_xarm_planner_api_pose.cpp.o[0m
[0.229s] [ 95%] Built target xarm_gripper_planner_node
[8.426s] [100%] [32m[1mLinking CXX executable test_xarm_planner_api_pose[0m
[21.495s] /usr/bin/ld: /usr/lib/gcc/x86_64-linux-gnu/11/../../../x86_64-linux-gnu/Scrt1.o: in function `_start':
[21.495s] (.text+0x1b): undefined reference to `main'
[21.504s] collect2: error: ld returned 1 exit status
[21.507s] gmake[2]: *** [CMakeFiles/test_xarm_planner_api_pose.dir/build.make:364: test_xarm_planner_api_pose] Error 1
[21.508s] gmake[1]: *** [CMakeFiles/Makefile2:287: CMakeFiles/test_xarm_planner_api_pose.dir/all] Error 2
[21.508s] gmake: *** [Makefile:146: all] Error 2
[21.511s] Invoked command in '/root/ros2_frws/build/xarm_planner' returned '2': AMENT_PREFIX_PATH=/root/ros2_frws/install/xarm_moveit_config:/root/ros2_frws/install/xarm_gazebo:/root/ros2_frws/install/xarm_controller:/root/ros2_frws/install/xarm_api:/root/ros2_frws/install/xarm_sdk:/root/ros2_frws/install/xarm_msgs:/root/ros2_frws/install/xarm_description:${AMENT_PREFIX_PATH} CMAKE_PREFIX_PATH=/root/ros2_frws/install/xarm_moveit_config:/root/ros2_frws/install/xarm_gazebo:/root/ros2_frws/install/xarm_controller:/root/ros2_frws/install/xarm_api:/root/ros2_frws/install/xarm_sdk:/root/ros2_frws/install/xarm_msgs:/root/ros2_frws/install/xarm_description:/opt/ros/humble LD_LIBRARY_PATH=/root/ros2_frws/install/xarm_gazebo/lib:/root/ros2_frws/install/xarm_controller/lib:/root/ros2_frws/install/xarm_api/lib:/root/ros2_frws/install/xarm_sdk/lib:/root/ros2_frws/install/xarm_msgs/lib:${LD_LIBRARY_PATH} PYTHONPATH=/root/ros2_frws/install/xarm_msgs/local/lib/python3.10/dist-packages:${PYTHONPATH} /usr/bin/cmake --build /root/ros2_frws/build/xarm_planner -- -j16 -l16
