In file included from [01m[K/root/ros2_frws/build/my_msg_interfaces/rosidl_generator_c/my_msg_interfaces/msg/detail/my_parameter__functions.h:19[m[K,
                 from [01m[K/root/ros2_frws/build/my_msg_interfaces/rosidl_generator_c/my_msg_interfaces/msg/detail/my_parameter__functions.c:4[m[K:
[01m[K/root/ros2_frws/build/my_msg_interfaces/rosidl_generator_c/my_msg_interfaces/msg/detail/my_parameter__struct.h:28:10:[m[K [01;31m[Kfatal error: [m[Kmy_msg_interfaces/msg/detail/float32__struct.h: No such file or directory
   28 | #include [01;31m[K"my_msg_interfaces/msg/detail/float32__struct.h"[m[K
      |          [01;31m[K^~~~~~~~~~~~~~~~~~~~~~~~~~~~~~~~~~~~~~~~~~~~~~~~[m[K
compilation terminated.
gmake[2]: *** [CMakeFiles/my_msg_interfaces__rosidl_generator_c.dir/build.make:105: CMakeFiles/my_msg_interfaces__rosidl_generator_c.dir/rosidl_generator_c/my_msg_interfaces/msg/detail/my_parameter__functions.c.o] Error 1
gmake[1]: *** [CMakeFiles/Makefile2:213: CMakeFiles/my_msg_interfaces__rosidl_generator_c.dir/all] Error 2
gmake[1]: *** Waiting for unfinished jobs....
In file included from [01m[K/root/ros2_frws/build/my_msg_interfaces/rosidl_typesupport_cpp/my_msg_interfaces/msg/my_parameter__type_support.cpp:7[m[K:
[01m[K/root/ros2_frws/build/my_msg_interfaces/rosidl_generator_cpp/my_msg_interfaces/msg/detail/my_parameter__struct.hpp:24:10:[m[K [01;31m[Kfatal error: [m[Kmy_msg_interfaces/msg/detail/float32__struct.hpp: No such file or directory
   24 | #include [01;31m[K"my_msg_interfaces/msg/detail/float32__struct.hpp"[m[K
      |          [01;31m[K^~~~~~~~~~~~~~~~~~~~~~~~~~~~~~~~~~~~~~~~~~~~~~~~~~[m[K
compilation terminated.
gmake[2]: *** [CMakeFiles/my_msg_interfaces__rosidl_typesupport_cpp.dir/build.make:86: CMakeFiles/my_msg_interfaces__rosidl_typesupport_cpp.dir/rosidl_typesupport_cpp/my_msg_interfaces/msg/my_parameter__type_support.cpp.o] Error 1
gmake[1]: *** [CMakeFiles/Makefile2:395: CMakeFiles/my_msg_interfaces__rosidl_typesupport_cpp.dir/all] Error 2
In file included from [01m[K/root/ros2_frws/build/my_msg_interfaces/rosidl_typesupport_fastrtps_cpp/my_msg_interfaces/msg/detail/my_parameter__rosidl_typesupport_fastrtps_cpp.hpp:11[m[K,
                 from [01m[K/root/ros2_frws/build/my_msg_interfaces/rosidl_typesupport_fastrtps_cpp/my_msg_interfaces/msg/detail/dds_fastrtps/my_parameter__type_support.cpp:4[m[K:
[01m[K/root/ros2_frws/build/my_msg_interfaces/rosidl_generator_cpp/my_msg_interfaces/msg/detail/my_parameter__struct.hpp:24:10:[m[K [01;31m[Kfatal error: [m[Kmy_msg_interfaces/msg/detail/float32__struct.hpp: No such file or directory
   24 | #include [01;31m[K"my_msg_interfaces/msg/detail/float32__struct.hpp"[m[K
      |          [01;31m[K^~~~~~~~~~~~~~~~~~~~~~~~~~~~~~~~~~~~~~~~~~~~~~~~~~[m[K
compilation terminated.
gmake[2]: *** [CMakeFiles/my_msg_interfaces__rosidl_typesupport_fastrtps_cpp.dir/build.make:91: CMakeFiles/my_msg_interfaces__rosidl_typesupport_fastrtps_cpp.dir/rosidl_typesupport_fastrtps_cpp/my_msg_interfaces/msg/detail/dds_fastrtps/my_parameter__type_support.cpp.o] Error 1
gmake[1]: *** [CMakeFiles/Makefile2:343: CMakeFiles/my_msg_interfaces__rosidl_typesupport_fastrtps_cpp.dir/all] Error 2
In file included from [01m[K/root/ros2_frws/build/my_msg_interfaces/rosidl_typesupport_introspection_cpp/my_msg_interfaces/msg/detail/my_parameter__type_support.cpp:12[m[K:
[01m[K/root/ros2_frws/build/my_msg_interfaces/rosidl_generator_cpp/my_msg_interfaces/msg/detail/my_parameter__struct.hpp:24:10:[m[K [01;31m[Kfatal error: [m[Kmy_msg_interfaces/msg/detail/float32__struct.hpp: No such file or directory
   24 | #include [01;31m[K"my_msg_interfaces/msg/detail/float32__struct.hpp"[m[K
      |          [01;31m[K^~~~~~~~~~~~~~~~~~~~~~~~~~~~~~~~~~~~~~~~~~~~~~~~~~[m[K
compilation terminated.
gmake[2]: *** [CMakeFiles/my_msg_interfaces__rosidl_typesupport_introspection_cpp.dir/build.make:91: CMakeFiles/my_msg_interfaces__rosidl_typesupport_introspection_cpp.dir/rosidl_typesupport_introspection_cpp/my_msg_interfaces/msg/detail/my_parameter__type_support.cpp.o] Error 1
gmake[1]: *** [CMakeFiles/Makefile2:369: CMakeFiles/my_msg_interfaces__rosidl_typesupport_introspection_cpp.dir/all] Error 2
gmake: *** [Makefile:146: all] Error 2
